1658925983.008858 client started (423324): version 3.0a, socket /tmp/tmux-1000/default, protocol 8
1658925983.008968 on Linux 5.13.0-25-generic #26~20.04.1-Ubuntu SMP Fri Jan 7 16:27:40 UTC 2022; libevent 2.1.11-stable (poll)
1658925983.009019 socket is /tmp/tmux-1000/default
1658925983.009061 trying connect
1658925983.009243 add peer 0x5608a2dd4730: 6 ((nil))
1658925983.009554 sending message 100 to peer 0x5608a2dd4730 (4 bytes)
1658925983.009599 sending message 101 to peer 0x5608a2dd4730 (7 bytes)
1658925983.009617 sending message 102 to peer 0x5608a2dd4730 (11 bytes)
1658925983.009631 sending message 108 to peer 0x5608a2dd4730 (45 bytes)
1658925983.009647 sending message 104 to peer 0x5608a2dd4730 (0 bytes)
1658925983.009660 sending message 107 to peer 0x5608a2dd4730 (4 bytes)
1658925983.009672 sending message 105 to peer 0x5608a2dd4730 (16 bytes)
1658925983.009686 sending message 105 to peer 0x5608a2dd4730 (32 bytes)
1658925983.009699 sending message 105 to peer 0x5608a2dd4730 (88 bytes)
1658925983.009711 sending message 105 to peer 0x5608a2dd4730 (18 bytes)
1658925983.009725 sending message 105 to peer 0x5608a2dd4730 (19 bytes)
1658925983.009765 sending message 105 to peer 0x5608a2dd4730 (20 bytes)
1658925983.009791 sending message 105 to peer 0x5608a2dd4730 (86 bytes)
1658925983.009807 sending message 105 to peer 0x5608a2dd4730 (8 bytes)
1658925983.009820 sending message 105 to peer 0x5608a2dd4730 (58 bytes)
1658925983.009833 sending message 105 to peer 0x5608a2dd4730 (77 bytes)
1658925983.009846 sending message 105 to peer 0x5608a2dd4730 (435 bytes)
1658925983.009860 sending message 105 to peer 0x5608a2dd4730 (37 bytes)
1658925983.009874 sending message 105 to peer 0x5608a2dd4730 (15 bytes)
1658925983.009888 sending message 105 to peer 0x5608a2dd4730 (10 bytes)
1658925983.009902 sending message 105 to peer 0x5608a2dd4730 (54 bytes)
1658925983.009914 sending message 105 to peer 0x5608a2dd4730 (23 bytes)
1658925983.009927 sending message 105 to peer 0x5608a2dd4730 (20 bytes)
1658925983.009940 sending message 105 to peer 0x5608a2dd4730 (47 bytes)
1658925983.009952 sending message 105 to peer 0x5608a2dd4730 (55 bytes)
1658925983.009965 sending message 105 to peer 0x5608a2dd4730 (50 bytes)
1658925983.009978 sending message 105 to peer 0x5608a2dd4730 (45 bytes)
1658925983.009990 sending message 105 to peer 0x5608a2dd4730 (43 bytes)
1658925983.010003 sending message 105 to peer 0x5608a2dd4730 (23 bytes)
1658925983.010018 sending message 105 to peer 0x5608a2dd4730 (24 bytes)
1658925983.010030 sending message 105 to peer 0x5608a2dd4730 (19 bytes)
1658925983.010042 sending message 105 to peer 0x5608a2dd4730 (52 bytes)
1658925983.010055 sending message 105 to peer 0x5608a2dd4730 (91 bytes)
1658925983.010067 sending message 105 to peer 0x5608a2dd4730 (16 bytes)
1658925983.010081 sending message 105 to peer 0x5608a2dd4730 (12 bytes)
1658925983.010094 sending message 105 to peer 0x5608a2dd4730 (44 bytes)
1658925983.010106 sending message 105 to peer 0x5608a2dd4730 (15 bytes)
1658925983.010121 sending message 105 to peer 0x5608a2dd4730 (49 bytes)
1658925983.010134 sending message 105 to peer 0x5608a2dd4730 (24 bytes)
1658925983.010146 sending message 105 to peer 0x5608a2dd4730 (23 bytes)
1658925983.010159 sending message 105 to peer 0x5608a2dd4730 (21 bytes)
1658925983.010172 sending message 105 to peer 0x5608a2dd4730 (112 bytes)
1658925983.010185 sending message 105 to peer 0x5608a2dd4730 (52 bytes)
1658925983.010199 sending message 105 to peer 0x5608a2dd4730 (16 bytes)
1658925983.010212 sending message 105 to peer 0x5608a2dd4730 (44 bytes)
1658925983.010225 sending message 105 to peer 0x5608a2dd4730 (104 bytes)
1658925983.010238 sending message 105 to peer 0x5608a2dd4730 (26 bytes)
1658925983.010250 sending message 105 to peer 0x5608a2dd4730 (18 bytes)
1658925983.010262 sending message 105 to peer 0x5608a2dd4730 (21 bytes)
1658925983.010275 sending message 105 to peer 0x5608a2dd4730 (17 bytes)
1658925983.010288 sending message 105 to peer 0x5608a2dd4730 (54 bytes)
1658925983.010300 sending message 105 to peer 0x5608a2dd4730 (40 bytes)
1658925983.010354 sending message 105 to peer 0x5608a2dd4730 (1506 bytes)
1658925983.010379 sending message 105 to peer 0x5608a2dd4730 (24 bytes)
1658925983.010395 sending message 105 to peer 0x5608a2dd4730 (27 bytes)
1658925983.010409 sending message 105 to peer 0x5608a2dd4730 (28 bytes)
1658925983.010421 sending message 105 to peer 0x5608a2dd4730 (33 bytes)
1658925983.010434 sending message 105 to peer 0x5608a2dd4730 (13 bytes)
1658925983.010446 sending message 105 to peer 0x5608a2dd4730 (52 bytes)
1658925983.010459 sending message 105 to peer 0x5608a2dd4730 (15 bytes)
1658925983.010473 sending message 105 to peer 0x5608a2dd4730 (23 bytes)
1658925983.010485 sending message 105 to peer 0x5608a2dd4730 (21 bytes)
1658925983.010498 sending message 105 to peer 0x5608a2dd4730 (50 bytes)
1658925983.010511 sending message 105 to peer 0x5608a2dd4730 (48 bytes)
1658925983.010523 sending message 105 to peer 0x5608a2dd4730 (41 bytes)
1658925983.010536 sending message 105 to peer 0x5608a2dd4730 (23 bytes)
1658925983.010549 sending message 105 to peer 0x5608a2dd4730 (12 bytes)
1658925983.010561 sending message 105 to peer 0x5608a2dd4730 (30 bytes)
1658925983.010574 sending message 105 to peer 0x5608a2dd4730 (51 bytes)
1658925983.010586 sending message 105 to peer 0x5608a2dd4730 (57 bytes)
1658925983.010599 sending message 105 to peer 0x5608a2dd4730 (20 bytes)
1658925983.010614 sending message 105 to peer 0x5608a2dd4730 (51 bytes)
1658925983.010627 sending message 105 to peer 0x5608a2dd4730 (13 bytes)
1658925983.010640 sending message 105 to peer 0x5608a2dd4730 (15 bytes)
1658925983.010653 sending message 105 to peer 0x5608a2dd4730 (50 bytes)
1658925983.010665 sending message 105 to peer 0x5608a2dd4730 (22 bytes)
1658925983.010678 sending message 105 to peer 0x5608a2dd4730 (50 bytes)
1658925983.010690 sending message 105 to peer 0x5608a2dd4730 (12 bytes)
1658925983.010702 sending message 105 to peer 0x5608a2dd4730 (11 bytes)
1658925983.010715 sending message 105 to peer 0x5608a2dd4730 (8 bytes)
1658925983.010727 sending message 105 to peer 0x5608a2dd4730 (16 bytes)
1658925983.010740 sending message 105 to peer 0x5608a2dd4730 (11 bytes)
1658925983.010754 sending message 105 to peer 0x5608a2dd4730 (25 bytes)
1658925983.010767 sending message 105 to peer 0x5608a2dd4730 (18 bytes)
1658925983.010780 sending message 105 to peer 0x5608a2dd4730 (56 bytes)
1658925983.010797 sending message 105 to peer 0x5608a2dd4730 (27 bytes)
1658925983.010810 sending message 105 to peer 0x5608a2dd4730 (11 bytes)
1658925983.010823 sending message 105 to peer 0x5608a2dd4730 (17 bytes)
1658925983.010836 sending message 105 to peer 0x5608a2dd4730 (52 bytes)
1658925983.010850 sending message 105 to peer 0x5608a2dd4730 (21 bytes)
1658925983.010863 sending message 105 to peer 0x5608a2dd4730 (31 bytes)
1658925983.010877 sending message 105 to peer 0x5608a2dd4730 (20 bytes)
1658925983.010891 sending message 105 to peer 0x5608a2dd4730 (30 bytes)
1658925983.010903 sending message 105 to peer 0x5608a2dd4730 (29 bytes)
1658925983.010917 sending message 105 to peer 0x5608a2dd4730 (170 bytes)
1658925983.010931 sending message 105 to peer 0x5608a2dd4730 (22 bytes)
1658925983.010947 sending message 105 to peer 0x5608a2dd4730 (855 bytes)
1658925983.010961 sending message 105 to peer 0x5608a2dd4730 (54 bytes)
1658925983.010975 sending message 105 to peer 0x5608a2dd4730 (28 bytes)
1658925983.010988 sending message 105 to peer 0x5608a2dd4730 (68 bytes)
1658925983.011001 sending message 105 to peer 0x5608a2dd4730 (52 bytes)
1658925983.011014 sending message 105 to peer 0x5608a2dd4730 (23 bytes)
1658925983.011027 sending message 105 to peer 0x5608a2dd4730 (28 bytes)
1658925983.011040 sending message 105 to peer 0x5608a2dd4730 (41 bytes)
1658925983.011053 sending message 105 to peer 0x5608a2dd4730 (60 bytes)
1658925983.011067 sending message 106 to peer 0x5608a2dd4730 (0 bytes)
1658925983.011081 sending message 200 to peer 0x5608a2dd4730 (4 bytes)
1658925983.011094 client loop enter
1658925983.012342 peer 0x5608a2dd4730 message 211
1658925983.012382 client_write: sessions should be nested with care, unset $TMUX to force\n
1658925983.012445 peer 0x5608a2dd4730 message 203
1658925983.012462 client loop exit
